2020-10-15 22:43:38.531 - INICIO             | Request: {"msisdn":"5511920066677"}
2020-10-15 22:43:38.597 - PROC 200 RESPONSE  | Request: {"body":{"msisdn":"5511920066677"},"proc200Response":[[{"status":"00"}],[{"status":"00"}]]}
2020-10-15 22:43:39.389 - POS-REQUEST-NUAGE  | Request: {"body":{"msisdn":"5511920066677"},"response":{"erro":8,"transacao":"a43b801373a60196b1","descricao":"Token invalido"}}
2020-10-15 22:43:39.416 - PROC 99 RESPONSE  | Request: {"body":{"msisdn":"5511920066677"},"proc210Response":[[{"status":"00"}],[{"status":"00"}]]}
2020-10-15 22:43:39.416 - FINAL              | Request: {"msisdn":"5511920066677"}
2020-10-15 22:55:29.607 - INICIO             | Request: {"msisdn":"5511920066677"}
2020-10-15 22:55:29.653 - PROC 200 RESPONSE  | Request: {"body":{"msisdn":"5511920066677"},"proc200Response":[[{"status":"00"}],[{"status":"00"}]]}
2020-10-15 22:55:29.654 - PRE REQUEST TOKEN  | Request: {"body":{"msisdn":"5511920066677"},"rastreio":"0342fbab-b509-4aeb-9efc-d45fd7e5212a"}
2020-10-15 22:55:30.467 - POS-REQUEST-NUAGE  | Request: {"body":{"msisdn":"5511920066677"},"response":{"erro":8,"transacao":"713d07a8261150887d","descricao":"Token invalido"}}
2020-10-15 22:55:30.520 - PROC 99 RESPONSE  | Request: {"body":{"msisdn":"5511920066677"},"proc210Response":[[{"status":"00"}],[{"status":"00"}]]}
2020-10-15 22:55:30.521 - FINAL              | Request: {"msisdn":"5511920066677"}
2020-10-15 22:57:20.053 - INICIO             | Request: {"msisdn":"5511920066677"}
2020-10-15 22:57:20.099 - PROC 200 RESPONSE  | Request: {"body":{"msisdn":"5511920066677"},"proc200Response":[[{"status":"00"}],[{"status":"00"}]]}
2020-10-15 22:57:20.099 - PRE REQUEST TOKEN  | Request: {"body":{"msisdn":"5511920066677"},"rastreio":"b951f64c-99f7-404c-8523-878d153f2477"}
2020-10-15 22:58:56.204 - INICIO             | Request: {"msisdn":"5511920066677"}
2020-10-15 22:58:56.238 - PROC 200 RESPONSE  | Request: {"body":{"msisdn":"5511920066677"},"proc200Response":[[{"status":"00"}],[{"status":"00"}]]}
2020-10-15 22:58:56.238 - PRE REQUEST TOKEN  | Request: {"body":{"msisdn":"5511920066677"},"rastreio":"fdae582c-6671-4fc9-b325-918ca114678f"}
2020-10-15 22:58:57.008 - PEGOU TOKEN        | Request: {"body":{"msisdn":"5511920066677"},"token":""}
2020-10-15 22:58:57.471 - POS-REQUEST-NUAGE  | Request: {"body":{"msisdn":"5511920066677"},"response":{"erro":8,"transacao":"fe4f5c02b667e495e9","descricao":"Token invalido"}}
2020-10-15 22:58:57.490 - PROC 99 RESPONSE  | Request: {"body":{"msisdn":"5511920066677"},"proc210Response":[[{"status":"00"}],[{"status":"00"}]]}
2020-10-15 22:58:57.490 - FINAL              | Request: {"msisdn":"5511920066677"}
2020-10-15 23:03:20.301 - INICIO             | Request: {"msisdn":"5511920066677"}
2020-10-15 23:03:20.345 - PROC 200 RESPONSE  | Request: {"body":{"msisdn":"5511920066677"},"proc200Response":[[{"status":"00"}],[{"status":"00"}]]}
2020-10-15 23:03:20.345 - PRE REQUEST TOKEN  | Request: {"body":{"msisdn":"5511920066677"},"rastreio":"5a6ebe19-eea0-4566-bb70-9a61cae4e5bf"}
2020-10-15 23:03:21.100 - PEGOU TOKEN        | Request: {"body":{"msisdn":"5511920066677"},"token":""}
2020-10-15 23:03:21.130 - PROC 99 RESPONSE  | Request: {"body":{"msisdn":"5511920066677"},"proc210Response":[[{"status":"00"}],[{"status":"00"}]]}
2020-10-15 23:03:21.130 - FINAL              | Request: {"msisdn":"5511920066677"}
2020-10-15 23:03:56.520 - INICIO             | Request: {"msisdn":"5511920066677"}
2020-10-15 23:03:56.568 - PROC 200 RESPONSE  | Request: {"body":{"msisdn":"5511920066677"},"proc200Response":[[{"status":"00"}],[{"status":"00"}]]}
2020-10-15 23:03:56.568 - PRE REQUEST TOKEN  | Request: {"body":{"msisdn":"5511920066677"},"rastreio":"d3a52b30-b095-4769-b1c6-7bf518d1aaa6"}
2020-10-15 23:03:57.191 - PEGOU TOKEN        | Request: {"body":{"msisdn":"5511920066677"},"token":""}
2020-10-15 23:03:57.211 - FINAL              | Request: {"msisdn":"5511920066677"}
2020-10-15 23:03:57.211 - PROC 99 RESPONSE  | Request: {"body":{"msisdn":"5511920066677"},"proc210Response":[[{"status":"00"}],[{"status":"00"}]]}
2020-10-15 23:05:36.571 - INICIO             | Request: {"msisdn":"5511920066677"}
2020-10-15 23:05:36.620 - PROC 200 RESPONSE  | Request: {"body":{"msisdn":"5511920066677"},"proc200Response":[[{"status":"00"}],[{"status":"00"}]]}
2020-10-15 23:05:36.620 - PRE REQUEST TOKEN  | Request: {"body":{"msisdn":"5511920066677"},"rastreio":"a3371b36-2f5a-4f48-8bb3-bbec817dce4a"}
2020-10-15 23:05:37.321 - PEGOU TOKEN        | Request: {"body":{"msisdn":"5511920066677"},"token":""}
2020-10-15 23:05:37.497 - PROC 99 RESPONSE  | Request: {"body":{"msisdn":"5511920066677"},"proc210Response":[[{"status":"00"}],[{"status":"00"}]]}
2020-10-15 23:05:37.497 - FINAL              | Request: {"msisdn":"5511920066677"}
2020-10-15 23:08:56.424 - INICIO             | Request: {"msisdn":"5511920066677"}
2020-10-15 23:08:56.459 - PRE REQUEST TOKEN  | Request: {"body":{"msisdn":"5511920066677"},"rastreio":"fbde8528-b59f-4a80-b44d-56888f54d7ab"}
2020-10-15 23:08:56.459 - PROC 200 RESPONSE  | Request: {"body":{"msisdn":"5511920066677"},"proc200Response":[[{"status":"00"}],[{"status":"00"}]]}
2020-10-15 23:08:57.304 - PEGOU TOKEN        | Request: {"body":{"msisdn":"5511920066677"},"token":""}
2020-10-15 23:08:57.324 - PROC 99 RESPONSE  | Request: {"body":{"msisdn":"5511920066677"},"proc210Response":[[{"status":"00"}],[{"status":"00"}]]}
2020-10-15 23:08:57.324 - FINAL              | Request: {"msisdn":"5511920066677"}
2020-10-15 23:10:12.908 - INICIO             | Request: {"msisdn":"5511920066677"}
2020-10-15 23:10:12.946 - PROC 200 RESPONSE  | Request: {"body":{"msisdn":"5511920066677"},"proc200Response":[[{"status":"00"}],[{"status":"00"}]]}
2020-10-15 23:10:12.946 - PRE REQUEST TOKEN  | Request: {"body":{"msisdn":"5511920066677"},"rastreio":"1cead181-00a9-4fa8-a3aa-35726bb57472"}
2020-10-15 23:10:13.774 - PEGOU TOKEN        | Request: {"body":{"msisdn":"5511920066677"},"token":"0744905c38f1219e6f8eed570bfa947aa52539466b500780701e7f611af3114b"}
2020-10-15 23:10:14.274 - POS-REQUEST-NUAGE  | Request: {"body":{"msisdn":"5511920066677"},"response":{"sucesso":0,"transacao":"28a7484198eab2815e","resultado":{"msisdn":5511920066677,"iccid":"8955170000004413580","imsi":724170000441358,"coPlano":37,"dtPlanoExpira":"22-08-2028 00:00:00","dtUltimaRecarga":"07-10-2020 14:52:21","dtAtivacao":"16-07-2018 00:00:00","nuPlano":"6002","noPlano":"ALO 20","documento":"01433178656","status":"ACTIVE","accountId":23864528,"mvno":"CORREIOS","submvno":"NENHUMA","tipoDocumento":"CPF"}}}
2020-10-15 23:10:14.603 - PROC 210 RESPONSE  | Request: {"body":{"msisdn":"5511920066677"},"proc210Response":[[{"status":"00"}],[{"status":"00"}]]}
2020-10-15 23:10:14.603 - FINAL              | Request: {"msisdn":"5511920066677"}
2020-10-15 23:41:45.959 - INICIO             | Request: {"msisdn":"5511920066677"}
2020-10-15 23:41:46.005 - PROC 200 RESPONSE  | Request: {"body":{"msisdn":"5511920066677"},"proc200Response":[[{"status":"00"}],[{"status":"00"}]]}
2020-10-15 23:41:46.005 - PRE REQUEST TOKEN  | Request: {"body":{"msisdn":"5511920066677"},"rastreio":"b35f4cb6-3cba-4a26-a7b2-a357de31edad"}
2020-10-15 23:41:46.666 - PEGOU TOKEN        | Request: {"body":{"msisdn":"5511920066677"},"token":"a7909090846bba4b86a92797a8a395d3d712cfd981347927818b7ce241a18505"}
2020-10-15 23:41:47.164 - POS-REQUEST-NUAGE  | Request: {"body":{"msisdn":"5511920066677"},"response":{"sucesso":0,"transacao":"a6d6fb356b56b2c535","resultado":{"msisdn":5511920066677,"iccid":"8955170000004413580","imsi":724170000441358,"coPlano":37,"dtPlanoExpira":"22-08-2028 00:00:00","dtUltimaRecarga":"07-10-2020 14:52:21","dtAtivacao":"16-07-2018 00:00:00","nuPlano":"6002","noPlano":"ALO 20","documento":"01433178656","status":"ACTIVE","accountId":23864528,"mvno":"CORREIOS","submvno":"NENHUMA","tipoDocumento":"CPF"}}}
2020-10-15 23:41:47.530 - PROC 210 RESPONSE  | Request: {"body":{"msisdn":"5511920066677"},"proc210Response":[[{"status":"00"}],[{"status":"00"}]]}
2020-10-15 23:41:47.531 - FINAL              | Request: {"msisdn":"5511920066677"}
2020-10-15 23:42:07.501 - INICIO             | Request: {"msisdn":"5511920066677"}
2020-10-15 23:42:07.522 - PRE REQUEST TOKEN  | Request: {"body":{"msisdn":"5511920066677"},"rastreio":"88e418a5-8ba2-441c-901e-8711675be26d"}
2020-10-15 23:42:07.522 - PROC 200 RESPONSE  | Request: {"body":{"msisdn":"5511920066677"},"proc200Response":[[{"status":"00"}],[{"status":"00"}]]}
2020-10-15 23:42:07.966 - PEGOU TOKEN        | Request: {"body":{"msisdn":"5511920066677"},"token":"1846c21c2a299134fbaac8805d7c5e9d9bc18ad242cfe9aa39cd217f3773461a"}
2020-10-15 23:42:08.499 - POS-REQUEST-NUAGE  | Request: {"body":{"msisdn":"5511920066677"},"response":{"sucesso":0,"transacao":"5a16b8191b24030a45","resultado":{"msisdn":5511920066677,"iccid":"8955170000004413580","imsi":724170000441358,"coPlano":37,"dtPlanoExpira":"22-08-2028 00:00:00","dtUltimaRecarga":"07-10-2020 14:52:21","dtAtivacao":"16-07-2018 00:00:00","nuPlano":"6002","noPlano":"ALO 20","documento":"01433178656","status":"ACTIVE","accountId":23864528,"mvno":"CORREIOS","submvno":"NENHUMA","tipoDocumento":"CPF"}}}
2020-10-15 23:42:08.524 - FINAL              | Request: {"msisdn":"5511920066677"}
2020-10-15 23:42:08.524 - PROC 210 RESPONSE  | Request: {"body":{"msisdn":"5511920066677"},"proc210Response":[[{"status":"00"}],[{"status":"00"}]]}
2020-10-15 23:42:32.899 - INICIO             | Request: {"msisdn":"5511920066677"}
2020-10-15 23:42:32.938 - PROC 200 RESPONSE  | Request: {"body":{"msisdn":"5511920066677"},"proc200Response":[[{"status":"00"}],[{"status":"00"}]]}
2020-10-15 23:42:32.939 - PRE REQUEST TOKEN  | Request: {"body":{"msisdn":"5511920066677"},"rastreio":"24eeeac1-d212-433d-a5fc-04db360fd04e"}
2020-10-15 23:42:33.569 - PEGOU TOKEN        | Request: {"body":{"msisdn":"5511920066677"},"token":"0a19b660ad8a69093671ae7b277d619c3a5446a5d6b3b97d89e9ff47c645a551"}
2020-10-15 23:42:34.097 - POS-REQUEST-NUAGE  | Request: {"body":{"msisdn":"5511920066677"},"response":{"sucesso":0,"transacao":"29f396298de63a8b9a","resultado":{"msisdn":5511920066677,"iccid":"8955170000004413580","imsi":724170000441358,"coPlano":37,"dtPlanoExpira":"22-08-2028 00:00:00","dtUltimaRecarga":"07-10-2020 14:52:21","dtAtivacao":"16-07-2018 00:00:00","nuPlano":"6002","noPlano":"ALO 20","documento":"01433178656","status":"ACTIVE","accountId":23864528,"mvno":"CORREIOS","submvno":"NENHUMA","tipoDocumento":"CPF"}}}
2020-10-15 23:42:34.117 - PROC 210 RESPONSE  | Request: {"body":{"msisdn":"5511920066677"},"proc210Response":[[{"status":"00"}],[{"status":"00"}]]}
2020-10-15 23:42:34.117 - FINAL              | Request: {"msisdn":"5511920066677"}
2020-10-15 23:42:37.323 - INICIO             | Request: {"msisdn":"5511920066677"}
2020-10-15 23:42:37.344 - PROC 200 RESPONSE  | Request: {"body":{"msisdn":"5511920066677"},"proc200Response":[[{"status":"00"}],[{"status":"00"}]]}
2020-10-15 23:42:37.344 - PRE REQUEST TOKEN  | Request: {"body":{"msisdn":"5511920066677"},"rastreio":"6cdde613-7710-4640-b6b8-5bf05ce30163"}
2020-10-15 23:42:37.781 - PEGOU TOKEN        | Request: {"body":{"msisdn":"5511920066677"},"token":"c6bdd4aa758f4a08e9c8640cd65c011e21d5f681a9db541ee827425ef3fb1c8d"}
2020-10-15 23:42:38.280 - POS-REQUEST-NUAGE  | Request: {"body":{"msisdn":"5511920066677"},"response":{"sucesso":0,"transacao":"0c68a3e1054c707d9f","resultado":{"msisdn":5511920066677,"iccid":"8955170000004413580","imsi":724170000441358,"coPlano":37,"dtPlanoExpira":"22-08-2028 00:00:00","dtUltimaRecarga":"07-10-2020 14:52:21","dtAtivacao":"16-07-2018 00:00:00","nuPlano":"6002","noPlano":"ALO 20","documento":"01433178656","status":"ACTIVE","accountId":23864528,"mvno":"CORREIOS","submvno":"NENHUMA","tipoDocumento":"CPF"}}}
2020-10-15 23:42:38.299 - PROC 210 RESPONSE  | Request: {"body":{"msisdn":"5511920066677"},"proc210Response":[[{"status":"00"}],[{"status":"00"}]]}
2020-10-15 23:42:38.299 - FINAL              | Request: {"msisdn":"5511920066677"}
2020-10-15 23:48:03.255 - INICIO             | Request: {"msisdn":"5511920066677"}
2020-10-15 23:48:03.293 - PROC 200 RESPONSE  | Request: {"body":{"msisdn":"5511920066677"},"proc200Response":[[{"status":"00"}],[{"status":"00"}]]}
2020-10-15 23:48:03.293 - PRE REQUEST TOKEN  | Request: {"body":{"msisdn":"5511920066677"},"rastreio":"f346e2f0-fd71-4261-90eb-d7b9e0da8089"}
2020-10-15 23:48:04.222 - PEGOU TOKEN        | Request: {"body":{"msisdn":"5511920066677"},"token":"f8794d6b99b65cf6dfae0b090ba4adf1d064b74419918669e746469b7b445b89"}
2020-10-15 23:48:04.222 - PRE REQUEST NUAGE  | Request: {"body":{"msisdn":"5511920066677"},"rastreio":"6f2b4ea8-9f34-4a73-80f2-6b7db7696365"}
2020-10-15 23:48:04.730 - POS-REQUEST-NUAGE  | Request: {"body":{"msisdn":"5511920066677"},"response":{"sucesso":0,"transacao":"a1c0e90665caf7d810","resultado":{"msisdn":5511920066677,"iccid":"8955170000004413580","imsi":724170000441358,"coPlano":37,"dtPlanoExpira":"22-08-2028 00:00:00","dtUltimaRecarga":"07-10-2020 14:52:21","dtAtivacao":"16-07-2018 00:00:00","nuPlano":"6002","noPlano":"ALO 20","documento":"01433178656","status":"ACTIVE","accountId":23864528,"mvno":"CORREIOS","submvno":"NENHUMA","tipoDocumento":"CPF"}}}
2020-10-15 23:48:04.749 - FINAL              | Request: {"msisdn":"5511920066677"}
2020-10-15 23:48:04.749 - PROC 210 RESPONSE  | Request: {"body":{"msisdn":"5511920066677"},"proc210Response":[[{"status":"00"}],[{"status":"00"}]]}
2020-10-15 23:48:12.150 - INICIO             | Request: {"msisdn":"5511920066677"}
2020-10-15 23:48:12.174 - PROC 200 RESPONSE  | Request: {"body":{"msisdn":"5511920066677"},"proc200Response":[[{"status":"00"}],[{"status":"00"}]]}
2020-10-15 23:48:12.174 - PRE REQUEST TOKEN  | Request: {"body":{"msisdn":"5511920066677"},"rastreio":"9c09b3d1-5b59-482c-bb08-e6c67a9ac31d"}
2020-10-15 23:48:12.642 - PEGOU TOKEN        | Request: {"body":{"msisdn":"5511920066677"},"token":"243031b8552fdd6bdd894af153dba7cfd51eaa73240a4798c72d1063ffd4ffde"}
2020-10-15 23:48:12.642 - PRE REQUEST NUAGE  | Request: {"body":{"msisdn":"5511920066677"},"rastreio":"21340480-d415-4c89-858d-49f5bbda4dd6"}
2020-10-15 23:48:13.158 - POS-REQUEST-NUAGE  | Request: {"body":{"msisdn":"5511920066677"},"response":{"sucesso":0,"transacao":"fba3c53952189bcd51","resultado":{"msisdn":5511920066677,"iccid":"8955170000004413580","imsi":724170000441358,"coPlano":37,"dtPlanoExpira":"22-08-2028 00:00:00","dtUltimaRecarga":"07-10-2020 14:52:21","dtAtivacao":"16-07-2018 00:00:00","nuPlano":"6002","noPlano":"ALO 20","documento":"01433178656","status":"ACTIVE","accountId":23864528,"mvno":"CORREIOS","submvno":"NENHUMA","tipoDocumento":"CPF"}}}
2020-10-15 23:48:13.174 - PROC 210 RESPONSE  | Request: {"body":{"msisdn":"5511920066677"},"proc210Response":[[{"status":"00"}],[{"status":"00"}]]}
2020-10-15 23:48:13.174 - FINAL              | Request: {"msisdn":"5511920066677"}
2020-10-15 23:49:20.510 - INICIO             | Request: {"msisdn":"5511920066677"}
2020-10-15 23:49:20.530 - PROC 200 RESPONSE  | Request: {"body":{"msisdn":"5511920066677"},"proc200Response":[[{"status":"00"}],[{"status":"00"}]]}
2020-10-15 23:49:20.530 - PRE REQUEST TOKEN  | Request: {"body":{"msisdn":"5511920066677"},"rastreio":"650d3aae-8ba9-4757-ada6-9b5e38ea24de"}
2020-10-15 23:49:21.208 - PEGOU TOKEN        | Request: {"body":{"msisdn":"5511920066677"},"token":"d2801bd1abf01e64d28b2cf9527c56b17b01e9950ab27496badec156f12c9b52"}
2020-10-15 23:49:21.208 - PRE REQUEST NUAGE  | Request: {"body":{"msisdn":"5511920066677"},"rastreio":"1fc20ac1-d484-40aa-bcab-c658a5b7bc42"}
2020-10-15 23:49:21.771 - POS-REQUEST-NUAGE  | Request: {"body":{"msisdn":"5511920066677"},"response":{"sucesso":0,"transacao":"fb3b9e3e4c536a7bd5","resultado":{"msisdn":5511920066677,"iccid":"8955170000004413580","imsi":724170000441358,"coPlano":37,"dtPlanoExpira":"22-08-2028 00:00:00","dtUltimaRecarga":"07-10-2020 14:52:21","dtAtivacao":"16-07-2018 00:00:00","nuPlano":"6002","noPlano":"ALO 20","documento":"01433178656","status":"ACTIVE","accountId":23864528,"mvno":"CORREIOS","submvno":"NENHUMA","tipoDocumento":"CPF"}}}
2020-10-15 23:49:21.790 - PROC 210 RESPONSE  | Request: {"body":{"msisdn":"5511920066677"},"proc210Response":[[{"status":"00"}],[{"status":"00"}]]}
2020-10-15 23:49:21.790 - FINAL              | Request: {"msisdn":"5511920066677"}
