Arguments: 
  C:\Program Files\nodejs\node.exe C:\Program Files (x86)\Yarn\bin\yarn.js add cros body-parser express sequelize tedious

PATH: 
  C:\WINDOWS\system32;C:\WINDOWS;C:\WINDOWS\System32\Wbem;C:\WINDOWS\System32\WindowsPowerShell\v1.0\;C:\WINDOWS\System32\OpenSSH\;C:\ProgramData\chocolatey\bin;C:\Program Files\nodejs\;C:\Program Files (x86)\Yarn\bin\;C:\Program Files\Git\cmd;C:\Program Files (x86)\Microsoft SQL Server\150\DTS\Binn\;C:\Program Files\Microsoft SQL Server\Client SDK\ODBC\170\Tools\Binn\;C:\Program Files (x86)\Microsoft SQL Server\150\Tools\Binn\;C:\Program Files\Microsoft SQL Server\150\Tools\Binn\;C:\Program Files\Microsoft SQL Server\150\DTS\Binn\;C:\Program Files\Microsoft SQL Server\130\Tools\Binn\;C:\Program Files\dotnet\;C:\Program Files\Docker\Docker\resources\bin;C:\ProgramData\DockerDesktop\version-bin;C:\Users\lucas.limeres\AppData\Local\Microsoft\WindowsApps;;C:\Users\lucas.limeres\AppData\Local\Programs\Microsoft VS Code\bin;C:\Users\lucas.limeres\AppData\Roaming\npm;C:\Users\lucas.limeres\AppData\Local\Yarn\bin;C:\Users\lucas.limeres\AppData\Local\Programs\Azure Data Studio\bin;C:\Users\lucas.limeres\.dotnet\tools

Yarn version: 
  1.22.0

Node version: 
  12.16.1

Platform: 
  win32 x64

Trace: 
  Error: https://registry.yarnpkg.com/cros: Not found
      at Request.params.callback [as _callback] (C:\Program Files (x86)\Yarn\lib\cli.js:66084:18)
      at Request.self.callback (C:\Program Files (x86)\Yarn\lib\cli.js:140727:22)
      at Request.emit (events.js:311:20)
      at Request.<anonymous> (C:\Program Files (x86)\Yarn\lib\cli.js:141699:10)
      at Request.emit (events.js:311:20)
      at IncomingMessage.<anonymous> (C:\Program Files (x86)\Yarn\lib\cli.js:141621:12)
      at Object.onceWrapper (events.js:417:28)
      at IncomingMessage.emit (events.js:323:22)
      at endReadableNT (_stream_readable.js:1204:12)
      at processTicksAndRejections (internal/process/task_queues.js:84:21)

npm manifest: 
  {
    "name": "ServCel-Backend",
    "version": "1.0.0",
    "main": "index.js",
    "repository": "https://PagtelRepo@dev.azure.com/PagtelRepo/ServCel/_git/BackEnd",
    "author": "Lucas Limeres <lucas.limeres@pagtel.com.br>",
    "license": "MIT",
    "dependencies": {
      "typescript": "^3.9.6"
    }
  }

yarn manifest: 
  No manifest

Lockfile: 
  # THIS IS AN AUTOGENERATED FILE. DO NOT EDIT THIS FILE DIRECTLY.
  # yarn lockfile v1
  
  
  typescript@^3.9.6:
    version "3.9.6"
    resolved "https://registry.yarnpkg.com/typescript/-/typescript-3.9.6.tgz#8f3e0198a34c3ae17091b35571d3afd31999365a"
    integrity sha512-Pspx3oKAPJtjNwE92YS05HQoY7z2SFyOpHo9MqJor3BXAGNaPUs83CuVp9VISFkSjyRfiTpmKuAYGJB7S7hOxw==
