2020-10-15 23:42:38.343 - INICIO             | Request: {"msisdn":"5511920066677","valor":"1500","dtExecucao":"2020-10-15 23:42:38","origem":"ServCel","nsu":"SC215432920201015114"}
2020-10-15 23:42:38.367 - PROC 200 RESPONSE  | Request: {"body":{"msisdn":"5511920066677","valor":"1500","dtExecucao":"2020-10-15 23:42:38","origem":"ServCel","nsu":"SC215432920201015114"},"proc200Response":[[{"status":"00"}],[{"status":"00"}]]}
2020-10-15 23:42:38.367 - PRE REQUEST TOKEN  | Request: {"body":{"msisdn":"5511920066677","valor":"1500","dtExecucao":"2020-10-15 23:42:38","origem":"ServCel","nsu":"SC215432920201015114"},"rastreio":"8510908c-d585-452c-974f-098c3378ce2c"}
2020-10-15 23:42:38.867 - PEGOU TOKEN        | Request: {"body":{"msisdn":"5511920066677","valor":"1500","dtExecucao":"2020-10-15 23:42:38","origem":"ServCel","nsu":"SC215432920201015114"},"token":"ef84eedaa826fe0d3a1de800ecc2fed7044dcd852d40a5e66d9f1b5300e04f43"}
2020-10-15 23:42:39.504 - POS-REQUEST-NUAGE  | Request: {"body":{"msisdn":"5511920066677","valor":"1500","dtExecucao":"2020-10-15 23:42:38","origem":"ServCel","nsu":"SC215432920201015114"},"response":false}
2020-10-15 23:42:39.522 - PROC 99 RESPONSE  | Request: {"body":{"msisdn":"5511920066677","valor":"1500","dtExecucao":"2020-10-15 23:42:38","origem":"ServCel","nsu":"SC215432920201015114"},"proc210Response":[[{"status":"00"}],[{"status":"00"}]]}
2020-10-15 23:42:39.522 - FINAL              | Request: {"msisdn":"5511920066677","valor":"1500","dtExecucao":"2020-10-15 23:42:38","origem":"ServCel","nsu":"SC215432920201015114"}
2020-10-15 23:48:13.220 - INICIO             | Request: {"msisdn":"5511920066677","valor":"1500","dtExecucao":"2020-10-15 23:48:13","origem":"ServCel","nsu":"SC215435920201015114"}
2020-10-15 23:48:13.250 - PROC 200 RESPONSE  | Request: {"body":{"msisdn":"5511920066677","valor":"1500","dtExecucao":"2020-10-15 23:48:13","origem":"ServCel","nsu":"SC215435920201015114"},"proc200Response":[[{"status":"00"}],[{"status":"00"}]]}
2020-10-15 23:48:13.250 - PRE REQUEST TOKEN  | Request: {"body":{"msisdn":"5511920066677","valor":"1500","dtExecucao":"2020-10-15 23:48:13","origem":"ServCel","nsu":"SC215435920201015114"},"rastreio":"935512a5-3c6e-422b-bbad-2b67eeaf8c2e"}
2020-10-15 23:48:13.825 - PEGOU TOKEN        | Request: {"body":{"msisdn":"5511920066677","valor":"1500","dtExecucao":"2020-10-15 23:48:13","origem":"ServCel","nsu":"SC215435920201015114"},"token":"40f8226370225b15e3309e0c2214c1098a4a8ddfb48570a283e392e18819ca0b"}
2020-10-15 23:48:13.825 - PRE REQUEST NUAGE  | Request: {"body":{"msisdn":"5511920066677","valor":"1500","dtExecucao":"2020-10-15 23:48:13","origem":"ServCel","nsu":"SC215435920201015114"},"rastreio":"3350e602-7673-4cd7-9cd8-82df43bc9119"}
2020-10-15 23:48:14.463 - POS-REQUEST-NUAGE  | Request: {"body":{"msisdn":"5511920066677","valor":"1500","dtExecucao":"2020-10-15 23:48:13","origem":"ServCel","nsu":"SC215435920201015114"},"response":false}
2020-10-15 23:48:14.485 - PROC 99 RESPONSE  | Request: {"body":{"msisdn":"5511920066677","valor":"1500","dtExecucao":"2020-10-15 23:48:13","origem":"ServCel","nsu":"SC215435920201015114"},"proc210Response":[[{"status":"00"}],[{"status":"00"}]]}
2020-10-15 23:48:14.485 - FINAL              | Request: {"msisdn":"5511920066677","valor":"1500","dtExecucao":"2020-10-15 23:48:13","origem":"ServCel","nsu":"SC215435920201015114"}
2020-10-15 23:49:21.832 - INICIO             | Request: {"msisdn":"5511920066677","valor":"2000","dtExecucao":"2020-10-15 23:49:21","origem":"ServCel","nsu":"SC215436120201015114"}
2020-10-15 23:49:21.851 - PROC 200 RESPONSE  | Request: {"body":{"msisdn":"5511920066677","valor":"2000","dtExecucao":"2020-10-15 23:49:21","origem":"ServCel","nsu":"SC215436120201015114"},"proc200Response":[[{"status":"00"}],[{"status":"00"}]]}
2020-10-15 23:49:21.851 - PRE REQUEST TOKEN  | Request: {"body":{"msisdn":"5511920066677","valor":"2000","dtExecucao":"2020-10-15 23:49:21","origem":"ServCel","nsu":"SC215436120201015114"},"rastreio":"8ef7bf17-1ff8-4d86-b178-80b8c611bda8"}
2020-10-15 23:49:22.385 - PEGOU TOKEN        | Request: {"body":{"msisdn":"5511920066677","valor":"2000","dtExecucao":"2020-10-15 23:49:21","origem":"ServCel","nsu":"SC215436120201015114"},"token":"2e0650fc958af8d7c42bb667b3af7f9fbe5868ce54808bac4908797315f6e8e2"}
2020-10-15 23:49:22.385 - PRE REQUEST NUAGE  | Request: {"body":{"msisdn":"5511920066677","valor":"2000","dtExecucao":"2020-10-15 23:49:21","origem":"ServCel","nsu":"SC215436120201015114"},"rastreio":"8854860a-4f52-4ddd-899f-0c314b925b8f"}
2020-10-15 23:49:22.943 - POS-REQUEST-NUAGE  | Request: {"body":{"msisdn":"5511920066677","valor":"2000","dtExecucao":"2020-10-15 23:49:21","origem":"ServCel","nsu":"SC215436120201015114"},"response":{"sucesso":0,"transacao":"462ba91f9fa0cee7b9","resultado":{"msisdn":"5511920066677","valor":20,"dtExecucao":"15-10-2020 23:49:21","origem":"ServCel","nsu":"SC215436120201015114","plano":"ALO 20"}}}
2020-10-15 23:49:22.963 - PROC 210 RESPONSE  | Request: {"body":{"msisdn":"5511920066677","valor":"2000","dtExecucao":"2020-10-15 23:49:21","origem":"ServCel","nsu":"SC215436120201015114"},"proc210Response":[[{"status":"00"}],[{"status":"00"}]]}
2020-10-15 23:49:22.963 - FINAL              | Request: {"msisdn":"5511920066677","valor":"2000","dtExecucao":"2020-10-15 23:49:21","origem":"ServCel","nsu":"SC215436120201015114"}
